c:\users\nui_nux\desktop\directx예제파일\13 - mouseinput\debug\dx11demo_13.pch
c:\users\nui_nux\desktop\directx예제파일\13 - mouseinput\debug\vc141.pdb
c:\users\nui_nux\desktop\directx예제파일\13 - mouseinput\debug\vc141.idb
c:\users\nui_nux\desktop\directx예제파일\13 - mouseinput\debug\stdafx.obj
c:\users\nui_nux\desktop\directx예제파일\13 - mouseinput\debug\textureclass.obj
c:\users\nui_nux\desktop\directx예제파일\13 - mouseinput\debug\textclass.obj
c:\users\nui_nux\desktop\directx예제파일\13 - mouseinput\debug\systemclass.obj
c:\users\nui_nux\desktop\directx예제파일\13 - mouseinput\debug\inputclass.obj
c:\users\nui_nux\desktop\directx예제파일\13 - mouseinput\debug\graphicsclass.obj
c:\users\nui_nux\desktop\directx예제파일\13 - mouseinput\debug\fontshaderclass.obj
c:\users\nui_nux\desktop\directx예제파일\13 - mouseinput\debug\fontclass.obj
c:\users\nui_nux\desktop\directx예제파일\13 - mouseinput\debug\dx11demo_13.obj
c:\users\nui_nux\desktop\directx예제파일\13 - mouseinput\debug\ddstextureloader.obj
c:\users\nui_nux\desktop\directx예제파일\13 - mouseinput\debug\d3dclass.obj
c:\users\nui_nux\desktop\directx예제파일\13 - mouseinput\debug\cameraclass.obj
c:\users\nui_nux\desktop\directx예제파일\13 - mouseinput - 복사본\debug\dx11demo_13.pch
c:\users\nui_nux\desktop\directx예제파일\13 - mouseinput - 복사본\debug\vc141.pdb
c:\users\nui_nux\desktop\directx예제파일\13 - mouseinput - 복사본\debug\vc141.idb
c:\users\nui_nux\desktop\directx예제파일\13 - mouseinput - 복사본\debug\stdafx.obj
c:\users\nui_nux\desktop\directx예제파일\13 - mouseinput - 복사본\debug\textureclass.obj
c:\users\nui_nux\desktop\directx예제파일\13 - mouseinput - 복사본\debug\textclass.obj
c:\users\nui_nux\desktop\directx예제파일\13 - mouseinput - 복사본\debug\systemclass.obj
c:\users\nui_nux\desktop\directx예제파일\13 - mouseinput - 복사본\debug\inputclass.obj
c:\users\nui_nux\desktop\directx예제파일\13 - mouseinput - 복사본\debug\graphicsclass.obj
c:\users\nui_nux\desktop\directx예제파일\13 - mouseinput - 복사본\debug\fontshaderclass.obj
c:\users\nui_nux\desktop\directx예제파일\13 - mouseinput - 복사본\debug\fontclass.obj
c:\users\nui_nux\desktop\directx예제파일\13 - mouseinput - 복사본\debug\dx11demo_13.obj
c:\users\nui_nux\desktop\directx예제파일\13 - mouseinput - 복사본\debug\ddstextureloader.obj
c:\users\nui_nux\desktop\directx예제파일\13 - mouseinput - 복사본\debug\d3dclass.obj
c:\users\nui_nux\desktop\directx예제파일\13 - mouseinput - 복사본\debug\cameraclass.obj
c:\users\nui_nux\desktop\directx예제파일\13 - mouseinput - 복사본\debug\modelclass.obj
c:\users\nui_nux\desktop\directx예제파일\13 - mouseinput - 복사본\debug\lightshaderclass.obj
c:\users\nui_nux\desktop\directx예제파일\13 - mouseinput - 복사본\debug\lightclass.obj
c:\users\nui_nux\desktop\directx예제파일\13 - mouseinput - 복사본\debug\positionclass.obj
c:\users\nui_nux\desktop\directx예제파일\13 - mouseinput - 복사본\debug\timerclass.obj
c:\users\nui_nux\desktop\test_24\debug\vc141.pdb
c:\users\nui_nux\desktop\test_24\debug\vc141.idb
c:\users\nui_nux\desktop\test_24\debug\modelclass.obj
c:\users\nui_nux\desktop\test_24\debug\dx11demo_13.pch
c:\users\nui_nux\desktop\test_24\debug\stdafx.obj
c:\users\nui_nux\desktop\test_24\debug\timerclass.obj
c:\users\nui_nux\desktop\test_24\debug\textureclass.obj
c:\users\nui_nux\desktop\test_24\debug\textclass.obj
c:\users\nui_nux\desktop\test_24\debug\systemclass.obj
c:\users\nui_nux\desktop\test_24\debug\positionclass.obj
c:\users\nui_nux\desktop\test_24\debug\lightshaderclass.obj
c:\users\nui_nux\desktop\test_24\debug\lightclass.obj
c:\users\nui_nux\desktop\test_24\debug\inputclass.obj
c:\users\nui_nux\desktop\test_24\debug\fontshaderclass.obj
c:\users\nui_nux\desktop\test_24\debug\fontclass.obj
c:\users\nui_nux\desktop\test_24\debug\dx11demo_13.obj
c:\users\nui_nux\desktop\test_24\debug\ddstextureloader.obj
c:\users\nui_nux\desktop\test_24\debug\d3dclass.obj
c:\users\nui_nux\desktop\test_24\debug\cameraclass.obj
c:\users\nui_nux\desktop\test_24\debug\maingame.obj
c:\users\nui_nux\desktop\test_24\debug\graphicsclass.obj
c:\users\nui_nux\desktop\test_24\debug\bitmapclass.obj
c:\users\nui_nux\desktop\test_24\debug\textureshaderclass.obj
c:\users\nui_nux\desktop\directx예제파일\13 - mouseinput\debug\dx11demo_13.exe
c:\users\nui_nux\desktop\directx예제파일\13 - mouseinput\debug\dx11demo_13.ilk
c:\users\nui_nux\desktop\directx예제파일\13 - mouseinput\debug\dx11demo_13.pdb
c:\users\nui_nux\desktop\directx예제파일\13 - mouseinput - 복사본\debug\dx11demo_13.exe
c:\users\nui_nux\desktop\directx예제파일\13 - mouseinput - 복사본\debug\dx11demo_13.ilk
c:\users\nui_nux\desktop\directx예제파일\13 - mouseinput - 복사본\debug\dx11demo_13.pdb
c:\users\nui_nux\desktop\test_24\debug\dx11demo_13.exe
c:\users\nui_nux\desktop\test_24\debug\dx11demo_13.ilk
c:\users\nui_nux\desktop\test_24\debug\dx11demo_13.pdb
c:\users\nui_nux\desktop\test_24\debug\d3dclass.obj.enc
c:\users\nui_nux\desktop\test_24\debug\positionclass.obj.enc
c:\users\nui_nux\desktop\test_24\debug\dx11demo_13.tlog\cl.command.1.tlog
c:\users\nui_nux\desktop\test_24\debug\dx11demo_13.tlog\cl.read.1.tlog
c:\users\nui_nux\desktop\test_24\debug\dx11demo_13.tlog\cl.write.1.tlog
c:\users\nui_nux\desktop\test_24\debug\dx11demo_13.tlog\link.command.1.tlog
c:\users\nui_nux\desktop\test_24\debug\dx11demo_13.tlog\link.read.1.tlog
c:\users\nui_nux\desktop\test_24\debug\dx11demo_13.tlog\link.write.1.tlog
